<?xml version="1.0" encoding="utf-8"?><testsuites><testsuite name="pytest" errors="0" failures="0" skipped="0" tests="4" time="2.122" timestamp="2024-10-17T20:03:29.307432+00:00" hostname="fv-az1407-336"><testcase classname="tests.test_graph_utils" name="test_find_sources" time="0.002" /><testcase classname="tests.test_graph_utils" name="test_find_output" time="0.001" /><testcase classname="tests.test_graph_utils" name="test_change_node_key" time="0.001" /><testcase classname="tests.test_sanity" name="test_sanity" time="0.001" /></testsuite></testsuites>